[
    {
        "Id": "c48c9f35911b5f08954ca1a033c9a028b1a01f6ce6619575aaff0d49a7ce4d43",
        "Created": "2019-10-06T22:17:25.338411661Z",
        "Path": "docker-entrypoint.sh",
        "Args": [
            "rabbitmq-server"
        ],
        "State": {
            "Status": "running",
            "Running": true,
            "Paused": false,
            "Restarting": false,
            "OOMKilled": false,
            "Dead": false,
            "Pid": 19985,
            "ExitCode": 0,
            "Error": "",
            "StartedAt": "2019-10-06T22:17:27.295864787Z",
            "FinishedAt": "0001-01-01T00:00:00Z"
        },
        "Image": "sha256:4af5c5534d00a56d618e6cbf6aec4ad13505e32e0e3035a746fd27cd42024db6",
        "ResolvConfPath": "/var/lib/docker/containers/c48c9f35911b5f08954ca1a033c9a028b1a01f6ce6619575aaff0d49a7ce4d43/resolv.conf",
        "HostnamePath": "/var/lib/docker/containers/c48c9f35911b5f08954ca1a033c9a028b1a01f6ce6619575aaff0d49a7ce4d43/hostname",
        "HostsPath": "/var/lib/docker/containers/c48c9f35911b5f08954ca1a033c9a028b1a01f6ce6619575aaff0d49a7ce4d43/hosts",
        "LogPath": "/var/lib/docker/containers/c48c9f35911b5f08954ca1a033c9a028b1a01f6ce6619575aaff0d49a7ce4d43/c48c9f35911b5f08954ca1a033c9a028b1a01f6ce6619575aaff0d49a7ce4d43-json.log",
        "Name": "/hello-broker",
        "RestartCount": 0,
        "Driver": "aufs",
        "Platform": "linux",
        "MountLabel": "",
        "ProcessLabel": "",
        "AppArmorProfile": "docker-default",
        "ExecIDs": null,
        "HostConfig": {
            "Binds": null,
            "ContainerIDFile": "",
            "LogConfig": {
                "Type": "json-file",
                "Config": {}
            },
            "NetworkMode": "default",
            "PortBindings": {
                "15672/tcp": [
                    {
                        "HostIp": "",
                        "HostPort": "8888"
                    }
                ],
                "5672/tcp": [
                    {
                        "HostIp": "",
                        "HostPort": "5672"
                    }
                ]
            },
            "RestartPolicy": {
                "Name": "no",
                "MaximumRetryCount": 0
            },
            "AutoRemove": false,
            "VolumeDriver": "",
            "VolumesFrom": null,
            "CapAdd": null,
            "CapDrop": null,
            "Dns": [],
            "DnsOptions": [],
            "DnsSearch": [],
            "ExtraHosts": null,
            "GroupAdd": null,
            "IpcMode": "shareable",
            "Cgroup": "",
            "Links": null,
            "OomScoreAdj": 0,
            "PidMode": "",
            "Privileged": false,
            "PublishAllPorts": false,
            "ReadonlyRootfs": false,
            "SecurityOpt": null,
            "UTSMode": "",
            "UsernsMode": "",
            "ShmSize": 67108864,
            "Runtime": "runc",
            "ConsoleSize": [
                0,
                0
            ],
            "Isolation": "",
            "CpuShares": 0,
            "Memory": 0,
            "NanoCpus": 0,
            "CgroupParent": "",
            "BlkioWeight": 0,
            "BlkioWeightDevice": [],
            "BlkioDeviceReadBps": null,
            "BlkioDeviceWriteBps": null,
            "BlkioDeviceReadIOps": null,
            "BlkioDeviceWriteIOps": null,
            "CpuPeriod": 0,
            "CpuQuota": 0,
            "CpuRealtimePeriod": 0,
            "CpuRealtimeRuntime": 0,
            "CpusetCpus": "",
            "CpusetMems": "",
            "Devices": [],
            "DeviceCgroupRules": null,
            "DiskQuota": 0,
            "KernelMemory": 0,
            "MemoryReservation": 0,
            "MemorySwap": 0,
            "MemorySwappiness": null,
            "OomKillDisable": false,
            "PidsLimit": 0,
            "Ulimits": null,
            "CpuCount": 0,
            "CpuPercent": 0,
            "IOMaximumIOps": 0,
            "IOMaximumBandwidth": 0,
            "MaskedPaths": [
                "/proc/acpi",
                "/proc/kcore",
                "/proc/keys",
                "/proc/latency_stats",
                "/proc/timer_list",
                "/proc/timer_stats",
                "/proc/sched_debug",
                "/proc/scsi",
                "/sys/firmware"
            ],
            "ReadonlyPaths": [
                "/proc/asound",
                "/proc/bus",
                "/proc/fs",
                "/proc/irq",
                "/proc/sys",
                "/proc/sysrq-trigger"
            ]
        },
        "GraphDriver": {
            "Data": null,
            "Name": "aufs"
        },
        "Mounts": [
            {
                "Type": "volume",
                "Name": "b979d32524cd8aa4eb3c6e756ba167635c16c6462b361ba68408cd62fc426ab7",
                "Source": "/var/lib/docker/volumes/b979d32524cd8aa4eb3c6e756ba167635c16c6462b361ba68408cd62fc426ab7/_data",
                "Destination": "/var/lib/rabbitmq",
                "Driver": "local",
                "Mode": "",
                "RW": true,
                "Propagation": ""
            }
        ],
        "Config": {
            "Hostname": "c48c9f35911b",
            "Domainname": "",
            "User": "",
            "AttachStdin": false,
            "AttachStdout": false,
            "AttachStderr": false,
            "ExposedPorts": {
                "15671/tcp": {},
                "15672/tcp": {},
                "25672/tcp": {},
                "4369/tcp": {},
                "5671/tcp": {},
                "5672/tcp": {}
            },
            "Tty": false,
            "OpenStdin": false,
            "StdinOnce": false,
            "Env": [
                "RABBITMQ_DEFAULT_USER=admin",
                "RABBITMQ_DEFAULT_PASS=dockerRul3z!",
                "PATH=/opt/rabbitmq/sbin:/usr/local/sbin:/usr/local/bin:/usr/sbin:/usr/bin:/sbin:/bin",
                "OPENSSL_VERSION=1.1.1d",
                "OPENSSL_SOURCE_SHA256=1e3a91bc1f9dfce01af26026f856e064eab4c8ee0a8f457b5ae30b40b8b711f2",
                "OPENSSL_PGP_KEY_IDS=0x8657ABB260F056B1E5190839D9C4D26D0E604491 0x5B2545DAB21995F4088CEFAA36CEE4DEB00CFE33 0xED230BEC4D4F2518B9D7DF41F0DB4D21C1D35231 0xC1F33DD8CE1D4CC613AF14DA9195C48241FBF7DD 0x7953AC1FBC3DC8B3B292393ED5E9E43F7DF9EE8C 0xE5E52560DD91C556DDBDA5D02064C53641C25E5D",
                "OTP_VERSION=22.1.1",
                "OTP_SOURCE_SHA256=9e7e8565a324101ea31fe5f59b8e46f7dabe9b75df9614d24c3abd05885f1773",
                "RABBITMQ_DATA_DIR=/var/lib/rabbitmq",
                "RABBITMQ_VERSION=3.8.0",
                "RABBITMQ_PGP_KEY_ID=0x0A9AF2115F4687BD29803A206B73A36E6026DFCA",
                "RABBITMQ_HOME=/opt/rabbitmq",
                "RABBITMQ_LOGS=-",
                "RABBITMQ_SASL_LOGS=-",
                "HOME=/var/lib/rabbitmq",
                "LANG=C.UTF-8",
                "LANGUAGE=C.UTF-8",
                "LC_ALL=C.UTF-8"
            ],
            "Cmd": [
                "rabbitmq-server"
            ],
            "ArgsEscaped": true,
            "Image": "rabbitmq:3-management",
            "Volumes": {
                "/var/lib/rabbitmq": {}
            },
            "WorkingDir": "",
            "Entrypoint": [
                "docker-entrypoint.sh"
            ],
            "OnBuild": null,
            "Labels": {}
        },
        "NetworkSettings": {
            "Bridge": "",
            "SandboxID": "17a50b64a6df72b70c6bd2f787e7ba316e11a68d5c90712969e0bd7ac6ee5cea",
            "HairpinMode": false,
            "LinkLocalIPv6Address": "",
            "LinkLocalIPv6PrefixLen": 0,
            "Ports": {
                "15671/tcp": null,
                "15672/tcp": [
                    {
                        "HostIp": "0.0.0.0",
                        "HostPort": "8888"
                    }
                ],
                "25672/tcp": null,
                "4369/tcp": null,
                "5671/tcp": null,
                "5672/tcp": [
                    {
                        "HostIp": "0.0.0.0",
                        "HostPort": "5672"
                    }
                ]
            },
            "SandboxKey": "/var/run/docker/netns/17a50b64a6df",
            "SecondaryIPAddresses": null,
            "SecondaryIPv6Addresses": null,
            "EndpointID": "73f8586102b59958190d4ee9d4be6b0f3afd6df7370385ed18335e82ca1ab08d",
            "Gateway": "172.17.0.1",
            "GlobalIPv6Address": "",
            "GlobalIPv6PrefixLen": 0,
            "IPAddress": "172.17.0.3",
            "IPPrefixLen": 16,
            "IPv6Gateway": "",
            "MacAddress": "02:42:ac:11:00:03",
            "Networks": {
                "bridge": {
                    "IPAMConfig": null,
                    "Links": null,
                    "Aliases": null,
                    "NetworkID": "3b1dd697d524f51b5c3847e6fc15e94285a444e963e8973ac40f3575a7584aaa",
                    "EndpointID": "73f8586102b59958190d4ee9d4be6b0f3afd6df7370385ed18335e82ca1ab08d",
                    "Gateway": "172.17.0.1",
                    "IPAddress": "172.17.0.3",
                    "IPPrefixLen": 16,
                    "IPv6Gateway": "",
                    "GlobalIPv6Address": "",
                    "GlobalIPv6PrefixLen": 0,
                    "MacAddress": "02:42:ac:11:00:03",
                    "DriverOpts": null
                }
            }
        }
    }
]

--------------------------------------- docker ps output ------------------------------------------
c48c9f35911b        rabbitmq:3-management   "docker-entrypoint.s…"   About an hour ago   Up About an hour    4369/tcp, 5671/tcp, 15671/tcp, 25672/tcp, 0.0.0.0:5672->5672/tcp, 0.0.0.0:8888->15672/tcp   hello-broker

----------------------------------------docker images output
rabbitmq                  3-management        4af5c5534d00        4 days ago          180MB
